[2025-07-31 21:24:14] 游 Iniciando monitoramento...
[2025-07-31 21:24:14] [ALERTA] Falha ao acessar http://localhost:8000: HTTPConnectionPool(host='localhost', port=8000): Max retries exceeded with url: / (Caused by NewConnectionError('<urllib3.connection.HTTPConnection object at 0x7fbac7123550>: Failed to establish a new connection: [Errno 111] Connection refused'))
[2025-07-31 21:24:15] [OK] CPU: 10.40%
[2025-07-31 21:24:15] [ALERTA] RAM alta: 4773.00 MB
[2025-07-31 21:24:20] [ALERTA] Falha ao acessar http://localhost:8000: HTTPConnectionPool(host='localhost', port=8000): Max retries exceeded with url: / (Caused by NewConnectionError('<urllib3.connection.HTTPConnection object at 0x7fbac71237c0>: Failed to establish a new connection: [Errno 111] Connection refused'))
[2025-07-31 21:24:21] [OK] CPU: 12.80%
[2025-07-31 21:24:21] [ALERTA] RAM alta: 4779.80 MB
[2025-07-31 21:24:26] [ALERTA] Falha ao acessar http://localhost:8000: HTTPConnectionPool(host='localhost', port=8000): Max retries exceeded with url: / (Caused by NewConnectionError('<urllib3.connection.HTTPConnection object at 0x7fbac7123cd0>: Failed to establish a new connection: [Errno 111] Connection refused'))
[2025-07-31 21:25:09] 游 Iniciando monitoramento...
[2025-07-31 21:25:09] [ALERTA] Falha ao acessar http://localhost:8000: HTTPConnectionPool(host='localhost', port=8000): Max retries exceeded with url: / (Caused by NewConnectionError('<urllib3.connection.HTTPConnection object at 0x7f79e1e7f550>: Failed to establish a new connection: [Errno 111] Connection refused'))
[2025-07-31 21:25:10] [OK] CPU: 8.20%
[2025-07-31 21:25:10] [ALERTA] RAM alta: 4845.35 MB
[2025-07-31 21:26:09] 游 Iniciando monitoramento...
[2025-07-31 21:26:09] [OK] Endpoint http://localhost:8000 est치 respondendo.
[2025-07-31 21:26:10] [OK] CPU: 6.00%
[2025-07-31 21:26:10] [ALERTA] RAM alta: 4857.19 MB
[2025-07-31 21:26:15] [OK] Endpoint http://localhost:8000 est치 respondendo.
[2025-07-31 21:26:16] [OK] CPU: 6.20%
[2025-07-31 21:26:16] [ALERTA] RAM alta: 4869.74 MB
[2025-07-31 21:26:21] [OK] Endpoint http://localhost:8000 est치 respondendo.
[2025-07-31 21:26:22] [OK] CPU: 12.10%
[2025-07-31 21:26:22] [ALERTA] RAM alta: 4866.20 MB
[2025-07-31 21:26:27] [OK] Endpoint http://localhost:8000 est치 respondendo.
[2025-07-31 21:26:28] [OK] CPU: 10.60%
[2025-07-31 21:26:28] [ALERTA] RAM alta: 4863.32 MB
